<?xml version="1.0" encoding="UTF-8"?>
<testng-results ignored="0" total="2" passed="2" failed="0" skipped="0">
  <reporter-output>
  </reporter-output>
  <suite started-at="2024-09-15T14:14:58Z" name="Suite" finished-at="2024-09-15T14:14:58Z" duration-ms="60">
    <groups>
    </groups>
    <test started-at="2024-09-15T14:14:58Z" name="Test" finished-at="2024-09-15T14:14:58Z" duration-ms="60">
      <class name="Selenium.SeleniumProject.NewTest">
        <test-method is-config="true" signature="beforeSuite()[pri:0, instance:Selenium.SeleniumProject.NewTest@446a1e84]" started-at="2024-09-15T19:44:58Z" name="beforeSuite" finished-at="2024-09-15T19:44:58Z" duration-ms="14" status="PASS">
          <reporter-output>
          </reporter-output>
        </test-method> <!-- beforeSuite -->
        <test-method is-config="true" signature="beforeTest()[pri:0, instance:Selenium.SeleniumProject.NewTest@446a1e84]" started-at="2024-09-15T19:44:58Z" name="beforeTest" finished-at="2024-09-15T19:44:58Z" duration-ms="1" status="PASS">
          <reporter-output>
          </reporter-output>
        </test-method> <!-- beforeTest -->
        <test-method is-config="true" signature="beforeClass()[pri:0, instance:Selenium.SeleniumProject.NewTest@446a1e84]" started-at="2024-09-15T19:44:58Z" name="beforeClass" finished-at="2024-09-15T19:44:58Z" duration-ms="0" status="PASS">
          <reporter-output>
          </reporter-output>
        </test-method> <!-- beforeClass -->
        <test-method is-config="true" signature="beforeMethod()[pri:0, instance:Selenium.SeleniumProject.NewTest@446a1e84]" started-at="2024-09-15T19:44:58Z" name="beforeMethod" finished-at="2024-09-15T19:44:58Z" duration-ms="1" status="PASS">
          <reporter-output>
          </reporter-output>
        </test-method> <!-- beforeMethod -->
        <test-method signature="f()[pri:0, instance:Selenium.SeleniumProject.NewTest@446a1e84]" started-at="2024-09-15T19:44:58Z" name="f" finished-at="2024-09-15T19:44:58Z" duration-ms="9" status="PASS">
          <reporter-output>
          </reporter-output>
        </test-method> <!-- f -->
        <test-method is-config="true" signature="afterMethod()[pri:0, instance:Selenium.SeleniumProject.NewTest@446a1e84]" started-at="2024-09-15T19:44:58Z" name="afterMethod" finished-at="2024-09-15T19:44:58Z" duration-ms="0" status="PASS">
          <reporter-output>
          </reporter-output>
        </test-method> <!-- afterMethod -->
        <test-method is-config="true" signature="beforeMethod()[pri:0, instance:Selenium.SeleniumProject.NewTest@446a1e84]" started-at="2024-09-15T19:44:58Z" name="beforeMethod" finished-at="2024-09-15T19:44:58Z" duration-ms="0" status="PASS">
          <reporter-output>
          </reporter-output>
        </test-method> <!-- beforeMethod -->
        <test-method signature="f1()[pri:0, instance:Selenium.SeleniumProject.NewTest@446a1e84]" started-at="2024-09-15T19:44:58Z" name="f1" finished-at="2024-09-15T19:44:58Z" duration-ms="3" status="PASS">
          <reporter-output>
          </reporter-output>
        </test-method> <!-- f1 -->
        <test-method is-config="true" signature="afterMethod()[pri:0, instance:Selenium.SeleniumProject.NewTest@446a1e84]" started-at="2024-09-15T19:44:58Z" name="afterMethod" finished-at="2024-09-15T19:44:58Z" duration-ms="1" status="PASS">
          <reporter-output>
          </reporter-output>
        </test-method> <!-- afterMethod -->
        <test-method is-config="true" signature="afterClass()[pri:0, instance:Selenium.SeleniumProject.NewTest@446a1e84]" started-at="2024-09-15T19:44:58Z" name="afterClass" finished-at="2024-09-15T19:44:58Z" duration-ms="0" status="PASS">
          <reporter-output>
          </reporter-output>
        </test-method> <!-- afterClass -->
        <test-method is-config="true" signature="afterTest()[pri:0, instance:Selenium.SeleniumProject.NewTest@446a1e84]" started-at="2024-09-15T19:44:58Z" name="afterTest" finished-at="2024-09-15T19:44:58Z" duration-ms="1" status="PASS">
          <reporter-output>
          </reporter-output>
        </test-method> <!-- afterTest -->
        <test-method is-config="true" signature="afterSuite()[pri:0, instance:Selenium.SeleniumProject.NewTest@446a1e84]" started-at="2024-09-15T19:44:58Z" name="afterSuite" finished-at="2024-09-15T19:44:58Z" duration-ms="1" status="PASS">
          <reporter-output>
          </reporter-output>
        </test-method> <!-- afterSuite -->
      </class> <!-- Selenium.SeleniumProject.NewTest -->
    </test> <!-- Test -->
  </suite> <!-- Suite -->
</testng-results>
